app/build/intermediates/manifest_merge_blame_file/debug/processDebugMainManifest/manifest-merger-blame-debug-report.txt
1<?xml version="1.0" encoding="utf-8"?>
2<manifest xmlns:android="http://schemas.android.com/apk/res/android"
3    package="com.example.bridgelink"
4    android:versionCode="1"
5    android:versionName="1.0" >
6
7    <uses-sdk
8        android:minSdkVersion="24"
9        android:targetSdkVersion="34" />
10    <!-- Include this permission to grab user's general location -->
11    <uses-feature
11-->src\main\AndroidManifest.xml:5:5-7:36
12        android:name="android.hardware.camera"
12-->src\main\AndroidManifest.xml:6:9-47
13        android:required="false" />
13-->src\main\AndroidManifest.xml:7:9-33
14
15    <uses-permission android:name="android.permission.ACCESS_COARSE_LOCATION" />
15-->src\main\AndroidManifest.xml:8:5-81
15-->src\main\AndroidManifest.xml:8:22-78
16    <!-- Include only if your app benefits from precise location access. -->
17    <uses-permission android:name="android.permission.ACCESS_FINE_LOCATION" />
17-->src\main\AndroidManifest.xml:10:5-79
17-->src\main\AndroidManifest.xml:10:22-76
18    <uses-permission android:name="android.permission.INTERNET" />
18-->src\main\AndroidManifest.xml:12:5-67
18-->src\main\AndroidManifest.xml:12:22-64
19    <uses-permission android:name="android.permission.CAMERA" />
19-->src\main\AndroidManifest.xml:14:5-65
19-->src\main\AndroidManifest.xml:14:22-62
20    <uses-permission android:name="android.permission.VIBRATE" />
20-->src\main\AndroidManifest.xml:15:5-66
20-->src\main\AndroidManifest.xml:15:22-63
21    <uses-permission android:name="android.permission.WRITE_EXTERNAL_STORAGE" />
21-->src\main\AndroidManifest.xml:16:5-81
21-->src\main\AndroidManifest.xml:16:22-78
22    <uses-permission android:name="android.permission.READ_EXTERNAL_STORAGE" />
22-->src\main\AndroidManifest.xml:17:5-80
22-->src\main\AndroidManifest.xml:17:22-77
23
24    <uses-feature
24-->src\main\AndroidManifest.xml:18:5-97
25        android:name="android.hardware.sensor.accelerometer"
25-->src\main\AndroidManifest.xml:18:19-71
26        android:required="true" />
26-->src\main\AndroidManifest.xml:18:72-95
27    <uses-feature
27-->src\main\AndroidManifest.xml:19:5-93
28        android:name="android.hardware.sensor.gyroscope"
28-->src\main\AndroidManifest.xml:19:19-67
29        android:required="true" />
29-->src\main\AndroidManifest.xml:19:68-91
30    <uses-feature
30-->src\main\AndroidManifest.xml:20:5-91
31        android:name="android.hardware.sensor.compass"
31-->src\main\AndroidManifest.xml:20:19-65
32        android:required="true" />
32-->src\main\AndroidManifest.xml:20:66-89
33
34    <uses-permission android:name="android.permission.ACCESS_NETWORK_STATE" /> <!-- Used to check if a browser is available before launching phone auth -->
34-->[com.firebaseui:firebase-ui-auth:8.0.2] AndroidManifest.xml:10:5-79
34-->[com.firebaseui:firebase-ui-auth:8.0.2] AndroidManifest.xml:10:22-76
35    <!-- See ui/phone/PhoneNumberVerificationHandler.isBrowserAvailable() -->
36    <queries>
36-->[com.firebaseui:firebase-ui-auth:8.0.2] AndroidManifest.xml:15:5-23:15
37        <intent>
37-->[com.firebaseui:firebase-ui-auth:8.0.2] AndroidManifest.xml:16:9-22:18
38            <action android:name="android.intent.action.VIEW" />
38-->[com.firebaseui:firebase-ui-auth:8.0.2] AndroidManifest.xml:17:13-65
38-->[com.firebaseui:firebase-ui-auth:8.0.2] AndroidManifest.xml:17:21-62
39
40            <category android:name="android.intent.category.BROWSABLE" />
40-->[com.firebaseui:firebase-ui-auth:8.0.2] AndroidManifest.xml:19:13-74
40-->[com.firebaseui:firebase-ui-auth:8.0.2] AndroidManifest.xml:19:23-71
41
42            <data android:scheme="http" />
42-->[com.firebaseui:firebase-ui-auth:8.0.2] AndroidManifest.xml:21:13-43
42-->[com.firebaseui:firebase-ui-auth:8.0.2] AndroidManifest.xml:21:19-40
43        </intent>
44        <!-- Needs to be explicitly declared on Android R+ -->
45        <package android:name="com.google.android.apps.maps" />
45-->[com.google.android.gms:play-services-maps:19.0.0] AndroidManifest.xml:33:9-64
45-->[com.google.android.gms:play-services-maps:19.0.0] AndroidManifest.xml:33:18-61
46    </queries>
47
48    <uses-feature
48-->[com.mapbox.maps:android-core:11.9.0] AndroidManifest.xml:8:5-10:35
49        android:glEsVersion="0x00030000"
49-->[com.mapbox.maps:android-core:11.9.0] AndroidManifest.xml:9:9-41
50        android:required="true" />
50-->[com.mapbox.maps:android-core:11.9.0] AndroidManifest.xml:10:9-32
51    <uses-feature
51-->[com.mapbox.maps:android-core:11.9.0] AndroidManifest.xml:11:5-13:36
52        android:name="android.hardware.wifi"
52-->[com.mapbox.maps:android-core:11.9.0] AndroidManifest.xml:12:9-45
53        android:required="false" />
53-->[com.mapbox.maps:android-core:11.9.0] AndroidManifest.xml:13:9-33
54
55    <uses-permission android:name="android.permission.ACCESS_WIFI_STATE" />
55-->[com.mapbox.maps:android-core:11.9.0] AndroidManifest.xml:17:5-76
55-->[com.mapbox.maps:android-core:11.9.0] AndroidManifest.xml:17:22-73
56    <uses-permission android:name="com.google.android.providers.gsf.permission.READ_GSERVICES" />
56-->[com.google.android.recaptcha:recaptcha:18.5.1] AndroidManifest.xml:9:5-98
56-->[com.google.android.recaptcha:recaptcha:18.5.1] AndroidManifest.xml:9:22-95
57
58    <permission
58-->[androidx.core:core:1.15.0] AndroidManifest.xml:22:5-24:47
59        android:name="com.example.bridgelink.DYNAMIC_RECEIVER_NOT_EXPORTED_PERMISSION"
59-->[androidx.core:core:1.15.0] AndroidManifest.xml:23:9-81
60        android:protectionLevel="signature" />
60-->[androidx.core:core:1.15.0] AndroidManifest.xml:24:9-44
61
62    <uses-permission android:name="com.example.bridgelink.DYNAMIC_RECEIVER_NOT_EXPORTED_PERMISSION" />
62-->[androidx.core:core:1.15.0] AndroidManifest.xml:26:5-97
62-->[androidx.core:core:1.15.0] AndroidManifest.xml:26:22-94
63
64    <application
64-->src\main\AndroidManifest.xml:22:5-59:19
65        android:allowBackup="true"
65-->src\main\AndroidManifest.xml:23:9-35
66        android:appComponentFactory="androidx.core.app.CoreComponentFactory"
66-->[androidx.core:core:1.15.0] AndroidManifest.xml:28:18-86
67        android:dataExtractionRules="@xml/data_extraction_rules"
67-->src\main\AndroidManifest.xml:24:9-65
68        android:debuggable="true"
69        android:extractNativeLibs="false"
70        android:fullBackupContent="@xml/backup_rules"
70-->src\main\AndroidManifest.xml:25:9-54
71        android:icon="@drawable/no_bg"
71-->src\main\AndroidManifest.xml:26:9-39
72        android:label="@string/app_name"
72-->src\main\AndroidManifest.xml:27:9-41
73        android:roundIcon="@drawable/no_bg"
73-->src\main\AndroidManifest.xml:28:9-44
74        android:supportsRtl="true"
74-->src\main\AndroidManifest.xml:29:9-35
75        android:theme="@style/Theme.BridgeLink" >
75-->src\main\AndroidManifest.xml:30:9-48
76
77        <!-- Set SignInActivity as the launcher activity -->
78        <activity
78-->src\main\AndroidManifest.xml:34:9-40:20
79            android:name="com.example.bridgelink.SignInActivity"
79-->src\main\AndroidManifest.xml:34:19-49
80            android:exported="true" >
80-->src\main\AndroidManifest.xml:35:13-36
81            <intent-filter>
81-->src\main\AndroidManifest.xml:36:13-39:29
82                <action android:name="android.intent.action.MAIN" />
82-->src\main\AndroidManifest.xml:37:17-69
82-->src\main\AndroidManifest.xml:37:25-66
83
84                <category android:name="android.intent.category.LAUNCHER" />
84-->src\main\AndroidManifest.xml:38:17-77
84-->src\main\AndroidManifest.xml:38:27-74
85            </intent-filter>
86        </activity>
87
88        <!-- MainActivity should not have the launcher filter, it will be opened after sign-in -->
89        <activity
89-->src\main\AndroidManifest.xml:43:9-44:39
90            android:name="com.example.bridgelink.MainActivity"
90-->src\main\AndroidManifest.xml:43:19-47
91            android:exported="true" />
91-->src\main\AndroidManifest.xml:44:13-36
92        <activity
92-->src\main\AndroidManifest.xml:46:9-47:39
93            android:name="com.example.bridgelink.ProfileSetupActivity"
93-->src\main\AndroidManifest.xml:46:19-55
94            android:exported="true" />
94-->src\main\AndroidManifest.xml:47:13-36
95
96        <provider
97            android:name="androidx.core.content.FileProvider"
97-->src\main\AndroidManifest.xml:50:13-62
98            android:authorities="com.example.bridgelink.fileprovider"
98-->src\main\AndroidManifest.xml:51:13-64
99            android:exported="false"
99-->src\main\AndroidManifest.xml:52:13-37
100            android:grantUriPermissions="true" >
100-->src\main\AndroidManifest.xml:53:13-47
101            <meta-data
101-->src\main\AndroidManifest.xml:54:13-56:54
102                android:name="android.support.FILE_PROVIDER_PATHS"
102-->src\main\AndroidManifest.xml:55:17-67
103                android:resource="@xml/file_paths" />
103-->src\main\AndroidManifest.xml:56:17-51
104        </provider>
105
106        <meta-data
106-->[com.firebaseui:firebase-ui-auth:8.0.2] AndroidManifest.xml:26:9-28:69
107            android:name="com.google.android.gms.version"
107-->[com.firebaseui:firebase-ui-auth:8.0.2] AndroidManifest.xml:27:13-58
108            android:value="@integer/google_play_services_version" />
108-->[com.firebaseui:firebase-ui-auth:8.0.2] AndroidManifest.xml:28:13-66
109        <meta-data
109-->[com.firebaseui:firebase-ui-auth:8.0.2] AndroidManifest.xml:29:9-31:63
110            android:name="com.facebook.sdk.ApplicationId"
110-->[com.firebaseui:firebase-ui-auth:8.0.2] AndroidManifest.xml:30:13-58
111            android:value="@string/facebook_application_id" />
111-->[com.firebaseui:firebase-ui-auth:8.0.2] AndroidManifest.xml:31:13-60
112
113        <activity
113-->[com.firebaseui:firebase-ui-auth:8.0.2] AndroidManifest.xml:33:9-37:61
114            android:name="com.firebase.ui.auth.KickoffActivity"
114-->[com.firebaseui:firebase-ui-auth:8.0.2] AndroidManifest.xml:34:13-64
115            android:exported="false"
115-->[com.firebaseui:firebase-ui-auth:8.0.2] AndroidManifest.xml:35:13-37
116            android:label=""
116-->[com.firebaseui:firebase-ui-auth:8.0.2] AndroidManifest.xml:36:13-29
117            android:theme="@style/FirebaseUI.Transparent" />
117-->[com.firebaseui:firebase-ui-auth:8.0.2] AndroidManifest.xml:37:13-58
118        <activity
118-->[com.firebaseui:firebase-ui-auth:8.0.2] AndroidManifest.xml:38:9-42:61
119            android:name="com.firebase.ui.auth.ui.idp.SingleSignInActivity"
119-->[com.firebaseui:firebase-ui-auth:8.0.2] AndroidManifest.xml:39:13-76
120            android:exported="false"
120-->[com.firebaseui:firebase-ui-auth:8.0.2] AndroidManifest.xml:40:13-37
121            android:label=""
121-->[com.firebaseui:firebase-ui-auth:8.0.2] AndroidManifest.xml:41:13-29
122            android:theme="@style/FirebaseUI.Transparent" />
122-->[com.firebaseui:firebase-ui-auth:8.0.2] AndroidManifest.xml:42:13-58
123        <activity
123-->[com.firebaseui:firebase-ui-auth:8.0.2] AndroidManifest.xml:43:9-47:61
124            android:name="com.firebase.ui.auth.ui.credentials.CredentialSaveActivity"
124-->[com.firebaseui:firebase-ui-auth:8.0.2] AndroidManifest.xml:44:13-86
125            android:exported="false"
125-->[com.firebaseui:firebase-ui-auth:8.0.2] AndroidManifest.xml:45:13-37
126            android:label=""
126-->[com.firebaseui:firebase-ui-auth:8.0.2] AndroidManifest.xml:46:13-29
127            android:theme="@style/FirebaseUI.Transparent" />
127-->[com.firebaseui:firebase-ui-auth:8.0.2] AndroidManifest.xml:47:13-58
128        <activity
128-->[com.firebaseui:firebase-ui-auth:8.0.2] AndroidManifest.xml:48:9-52:58
129            android:name="com.firebase.ui.auth.ui.email.RecoverPasswordActivity"
129-->[com.firebaseui:firebase-ui-auth:8.0.2] AndroidManifest.xml:49:13-81
130            android:exported="false"
130-->[com.firebaseui:firebase-ui-auth:8.0.2] AndroidManifest.xml:50:13-37
131            android:label="@string/fui_title_recover_password_activity"
131-->[com.firebaseui:firebase-ui-auth:8.0.2] AndroidManifest.xml:51:13-72
132            android:windowSoftInputMode="adjustResize" />
132-->[com.firebaseui:firebase-ui-auth:8.0.2] AndroidManifest.xml:52:13-55
133        <activity
133-->[com.firebaseui:firebase-ui-auth:8.0.2] AndroidManifest.xml:53:9-57:58
134            android:name="com.firebase.ui.auth.ui.email.EmailActivity"
134-->[com.firebaseui:firebase-ui-auth:8.0.2] AndroidManifest.xml:54:13-71
135            android:exported="false"
135-->[com.firebaseui:firebase-ui-auth:8.0.2] AndroidManifest.xml:55:13-37
136            android:label="@string/fui_sign_in_default"
136-->[com.firebaseui:firebase-ui-auth:8.0.2] AndroidManifest.xml:56:13-56
137            android:windowSoftInputMode="adjustResize" />
137-->[com.firebaseui:firebase-ui-auth:8.0.2] AndroidManifest.xml:57:13-55
138        <activity
138-->[com.firebaseui:firebase-ui-auth:8.0.2] AndroidManifest.xml:58:9-62:77
139            android:name="com.firebase.ui.auth.ui.phone.PhoneActivity"
139-->[com.firebaseui:firebase-ui-auth:8.0.2] AndroidManifest.xml:59:13-71
140            android:exported="false"
140-->[com.firebaseui:firebase-ui-auth:8.0.2] AndroidManifest.xml:60:13-37
141            android:label="@string/fui_sign_in_with_phone_number"
141-->[com.firebaseui:firebase-ui-auth:8.0.2] AndroidManifest.xml:61:13-66
142            android:windowSoftInputMode="adjustResize|stateAlwaysVisible" />
142-->[com.firebaseui:firebase-ui-auth:8.0.2] AndroidManifest.xml:62:13-74
143        <activity
143-->[com.firebaseui:firebase-ui-auth:8.0.2] AndroidManifest.xml:63:9-67:58
144            android:name="com.firebase.ui.auth.ui.idp.WelcomeBackIdpPrompt"
144-->[com.firebaseui:firebase-ui-auth:8.0.2] AndroidManifest.xml:64:13-76
145            android:exported="false"
145-->[com.firebaseui:firebase-ui-auth:8.0.2] AndroidManifest.xml:65:13-37
146            android:label="@string/fui_title_welcome_back_idp_prompt"
146-->[com.firebaseui:firebase-ui-auth:8.0.2] AndroidManifest.xml:66:13-70
147            android:windowSoftInputMode="adjustResize" />
147-->[com.firebaseui:firebase-ui-auth:8.0.2] AndroidManifest.xml:67:13-55
148        <activity
148-->[com.firebaseui:firebase-ui-auth:8.0.2] AndroidManifest.xml:68:9-72:58
149            android:name="com.firebase.ui.auth.ui.email.WelcomeBackPasswordPrompt"
149-->[com.firebaseui:firebase-ui-auth:8.0.2] AndroidManifest.xml:69:13-83
150            android:exported="false"
150-->[com.firebaseui:firebase-ui-auth:8.0.2] AndroidManifest.xml:70:13-37
151            android:label="@string/fui_title_welcome_back_password_prompt"
151-->[com.firebaseui:firebase-ui-auth:8.0.2] AndroidManifest.xml:71:13-75
152            android:windowSoftInputMode="adjustResize" />
152-->[com.firebaseui:firebase-ui-auth:8.0.2] AndroidManifest.xml:72:13-55
153        <activity
153-->[com.firebaseui:firebase-ui-auth:8.0.2] AndroidManifest.xml:73:9-77:58
154            android:name="com.firebase.ui.auth.ui.email.WelcomeBackEmailLinkPrompt"
154-->[com.firebaseui:firebase-ui-auth:8.0.2] AndroidManifest.xml:74:13-84
155            android:exported="false"
155-->[com.firebaseui:firebase-ui-auth:8.0.2] AndroidManifest.xml:75:13-37
156            android:label="@string/fui_title_welcome_back_password_prompt"
156-->[com.firebaseui:firebase-ui-auth:8.0.2] AndroidManifest.xml:76:13-75
157            android:windowSoftInputMode="adjustResize" />
157-->[com.firebaseui:firebase-ui-auth:8.0.2] AndroidManifest.xml:77:13-55
158        <activity
158-->[com.firebaseui:firebase-ui-auth:8.0.2] AndroidManifest.xml:78:9-83:58
159            android:name="com.firebase.ui.auth.ui.email.EmailLinkCatcherActivity"
159-->[com.firebaseui:firebase-ui-auth:8.0.2] AndroidManifest.xml:79:13-82
160            android:exported="false"
160-->[com.firebaseui:firebase-ui-auth:8.0.2] AndroidManifest.xml:80:13-37
161            android:label=""
161-->[com.firebaseui:firebase-ui-auth:8.0.2] AndroidManifest.xml:81:13-29
162            android:theme="@style/FirebaseUI.Transparent"
162-->[com.firebaseui:firebase-ui-auth:8.0.2] AndroidManifest.xml:82:13-58
163            android:windowSoftInputMode="adjustResize" />
163-->[com.firebaseui:firebase-ui-auth:8.0.2] AndroidManifest.xml:83:13-55
164        <activity
164-->[com.firebaseui:firebase-ui-auth:8.0.2] AndroidManifest.xml:84:9-88:58
165            android:name="com.firebase.ui.auth.ui.email.EmailLinkErrorRecoveryActivity"
165-->[com.firebaseui:firebase-ui-auth:8.0.2] AndroidManifest.xml:85:13-88
166            android:exported="false"
166-->[com.firebaseui:firebase-ui-auth:8.0.2] AndroidManifest.xml:86:13-37
167            android:label="@string/fui_sign_in_default"
167-->[com.firebaseui:firebase-ui-auth:8.0.2] AndroidManifest.xml:87:13-56
168            android:windowSoftInputMode="adjustResize" />
168-->[com.firebaseui:firebase-ui-auth:8.0.2] AndroidManifest.xml:88:13-55
169        <activity
169-->[com.firebaseui:firebase-ui-auth:8.0.2] AndroidManifest.xml:89:9-92:65
170            android:name="com.firebase.ui.auth.ui.idp.AuthMethodPickerActivity"
170-->[com.firebaseui:firebase-ui-auth:8.0.2] AndroidManifest.xml:90:13-80
171            android:exported="false"
171-->[com.firebaseui:firebase-ui-auth:8.0.2] AndroidManifest.xml:91:13-37
172            android:label="@string/fui_default_toolbar_title" />
172-->[com.firebaseui:firebase-ui-auth:8.0.2] AndroidManifest.xml:92:13-62
173        <activity
173-->[com.firebaseui:firebase-ui-auth:8.0.2] AndroidManifest.xml:93:9-97:48
174            android:name="com.facebook.FacebookActivity"
174-->[com.firebaseui:firebase-ui-auth:8.0.2] AndroidManifest.xml:94:13-57
175            android:configChanges="keyboard|keyboardHidden|screenLayout|screenSize|orientation"
175-->[com.firebaseui:firebase-ui-auth:8.0.2] AndroidManifest.xml:95:13-96
176            android:label="@string/app_name" />
176-->[com.firebaseui:firebase-ui-auth:8.0.2] AndroidManifest.xml:96:13-45
177        <activity
177-->[com.firebaseui:firebase-ui-auth:8.0.2] AndroidManifest.xml:98:9-110:20
178            android:name="com.facebook.CustomTabActivity"
178-->[com.firebaseui:firebase-ui-auth:8.0.2] AndroidManifest.xml:99:13-58
179            android:exported="true" >
179-->[com.firebaseui:firebase-ui-auth:8.0.2] AndroidManifest.xml:100:13-36
180            <intent-filter>
180-->[com.firebaseui:firebase-ui-auth:8.0.2] AndroidManifest.xml:102:13-109:29
181                <action android:name="android.intent.action.VIEW" />
181-->[com.firebaseui:firebase-ui-auth:8.0.2] AndroidManifest.xml:17:13-65
181-->[com.firebaseui:firebase-ui-auth:8.0.2] AndroidManifest.xml:17:21-62
182
183                <category android:name="android.intent.category.DEFAULT" />
183-->[com.firebaseui:firebase-ui-auth:8.0.2] AndroidManifest.xml:105:17-76
183-->[com.firebaseui:firebase-ui-auth:8.0.2] AndroidManifest.xml:105:27-73
184                <category android:name="android.intent.category.BROWSABLE" />
184-->[com.firebaseui:firebase-ui-auth:8.0.2] AndroidManifest.xml:19:13-74
184-->[com.firebaseui:firebase-ui-auth:8.0.2] AndroidManifest.xml:19:23-71
185
186                <data android:scheme="@string/facebook_login_protocol_scheme" />
186-->[com.firebaseui:firebase-ui-auth:8.0.2] AndroidManifest.xml:21:13-43
186-->[com.firebaseui:firebase-ui-auth:8.0.2] AndroidManifest.xml:21:19-40
187            </intent-filter>
188        </activity>
189
190        <provider
190-->[com.firebaseui:firebase-ui-auth:8.0.2] AndroidManifest.xml:112:9-116:38
191            android:name="com.firebase.ui.auth.data.client.AuthUiInitProvider"
191-->[com.firebaseui:firebase-ui-auth:8.0.2] AndroidManifest.xml:113:13-79
192            android:authorities="com.example.bridgelink.authuiinitprovider"
192-->[com.firebaseui:firebase-ui-auth:8.0.2] AndroidManifest.xml:114:13-70
193            android:exported="false"
193-->[com.firebaseui:firebase-ui-auth:8.0.2] AndroidManifest.xml:115:13-37
194            android:initOrder="90" />
194-->[com.firebaseui:firebase-ui-auth:8.0.2] AndroidManifest.xml:116:13-35
195
196        <service
196-->[com.google.firebase:firebase-auth-ktx:23.1.0] AndroidManifest.xml:8:9-14:19
197            android:name="com.google.firebase.components.ComponentDiscoveryService"
197-->[com.google.firebase:firebase-auth-ktx:23.1.0] AndroidManifest.xml:9:13-84
198            android:directBootAware="true"
198-->[com.google.firebase:firebase-common:21.0.0] AndroidManifest.xml:32:13-43
199            android:exported="false" >
199-->[com.google.firebase:firebase-auth-ktx:23.1.0] AndroidManifest.xml:10:13-37
200            <meta-data
200-->[com.google.firebase:firebase-auth-ktx:23.1.0] AndroidManifest.xml:11:13-13:85
201                android:name="com.google.firebase.components:com.google.firebase.auth.ktx.FirebaseAuthLegacyRegistrar"
201-->[com.google.firebase:firebase-auth-ktx:23.1.0] AndroidManifest.xml:12:17-119
202                android:value="com.google.firebase.components.ComponentRegistrar" />
202-->[com.google.firebase:firebase-auth-ktx:23.1.0] AndroidManifest.xml:13:17-82
203            <meta-data
203-->[com.google.firebase:firebase-auth:23.1.0] AndroidManifest.xml:69:13-71:85
204                android:name="com.google.firebase.components:com.google.firebase.auth.FirebaseAuthRegistrar"
204-->[com.google.firebase:firebase-auth:23.1.0] AndroidManifest.xml:70:17-109
205                android:value="com.google.firebase.components.ComponentRegistrar" />
205-->[com.google.firebase:firebase-auth:23.1.0] AndroidManifest.xml:71:17-82
206            <meta-data
206-->[com.google.firebase:firebase-storage:21.0.1] AndroidManifest.xml:30:13-32:85
207                android:name="com.google.firebase.components:com.google.firebase.storage.FirebaseStorageKtxRegistrar"
207-->[com.google.firebase:firebase-storage:21.0.1] AndroidManifest.xml:31:17-118
208                android:value="com.google.firebase.components.ComponentRegistrar" />
208-->[com.google.firebase:firebase-storage:21.0.1] AndroidManifest.xml:32:17-82
209            <meta-data
209-->[com.google.firebase:firebase-storage:21.0.1] AndroidManifest.xml:33:13-35:85
210                android:name="com.google.firebase.components:com.google.firebase.storage.StorageRegistrar"
210-->[com.google.firebase:firebase-storage:21.0.1] AndroidManifest.xml:34:17-107
211                android:value="com.google.firebase.components.ComponentRegistrar" />
211-->[com.google.firebase:firebase-storage:21.0.1] AndroidManifest.xml:35:17-82
212            <meta-data
212-->[com.google.firebase:firebase-database:21.0.0] AndroidManifest.xml:29:13-31:85
213                android:name="com.google.firebase.components:com.google.firebase.database.FirebaseDatabaseKtxRegistrar"
213-->[com.google.firebase:firebase-database:21.0.0] AndroidManifest.xml:30:17-120
214                android:value="com.google.firebase.components.ComponentRegistrar" />
214-->[com.google.firebase:firebase-database:21.0.0] AndroidManifest.xml:31:17-82
215            <meta-data
215-->[com.google.firebase:firebase-database:21.0.0] AndroidManifest.xml:32:13-34:85
216                android:name="com.google.firebase.components:com.google.firebase.database.DatabaseRegistrar"
216-->[com.google.firebase:firebase-database:21.0.0] AndroidManifest.xml:33:17-109
217                android:value="com.google.firebase.components.ComponentRegistrar" />
217-->[com.google.firebase:firebase-database:21.0.0] AndroidManifest.xml:34:17-82
218            <meta-data
218-->[com.google.firebase:firebase-appcheck:18.0.0] AndroidManifest.xml:25:13-27:85
219                android:name="com.google.firebase.components:com.google.firebase.appcheck.FirebaseAppCheckKtxRegistrar"
219-->[com.google.firebase:firebase-appcheck:18.0.0] AndroidManifest.xml:26:17-120
220                android:value="com.google.firebase.components.ComponentRegistrar" />
220-->[com.google.firebase:firebase-appcheck:18.0.0] AndroidManifest.xml:27:17-82
221            <meta-data
221-->[com.google.firebase:firebase-appcheck:18.0.0] AndroidManifest.xml:28:13-30:85
222                android:name="com.google.firebase.components:com.google.firebase.appcheck.FirebaseAppCheckRegistrar"
222-->[com.google.firebase:firebase-appcheck:18.0.0] AndroidManifest.xml:29:17-117
223                android:value="com.google.firebase.components.ComponentRegistrar" />
223-->[com.google.firebase:firebase-appcheck:18.0.0] AndroidManifest.xml:30:17-82
224            <meta-data
224-->[com.google.firebase:firebase-common-ktx:21.0.0] AndroidManifest.xml:12:13-14:85
225                android:name="com.google.firebase.components:com.google.firebase.ktx.FirebaseCommonLegacyRegistrar"
225-->[com.google.firebase:firebase-common-ktx:21.0.0] AndroidManifest.xml:13:17-116
226                android:value="com.google.firebase.components.ComponentRegistrar" />
226-->[com.google.firebase:firebase-common-ktx:21.0.0] AndroidManifest.xml:14:17-82
227            <meta-data
227-->[com.google.firebase:firebase-common:21.0.0] AndroidManifest.xml:35:13-37:85
228                android:name="com.google.firebase.components:com.google.firebase.FirebaseCommonKtxRegistrar"
228-->[com.google.firebase:firebase-common:21.0.0] AndroidManifest.xml:36:17-109
229                android:value="com.google.firebase.components.ComponentRegistrar" />
229-->[com.google.firebase:firebase-common:21.0.0] AndroidManifest.xml:37:17-82
230        </service>
231
232        <activity
232-->[com.google.firebase:firebase-auth:23.1.0] AndroidManifest.xml:29:9-46:20
233            android:name="com.google.firebase.auth.internal.GenericIdpActivity"
233-->[com.google.firebase:firebase-auth:23.1.0] AndroidManifest.xml:30:13-80
234            android:excludeFromRecents="true"
234-->[com.google.firebase:firebase-auth:23.1.0] AndroidManifest.xml:31:13-46
235            android:exported="true"
235-->[com.google.firebase:firebase-auth:23.1.0] AndroidManifest.xml:32:13-36
236            android:launchMode="singleTask"
236-->[com.google.firebase:firebase-auth:23.1.0] AndroidManifest.xml:33:13-44
237            android:theme="@android:style/Theme.Translucent.NoTitleBar" >
237-->[com.google.firebase:firebase-auth:23.1.0] AndroidManifest.xml:34:13-72
238            <intent-filter>
238-->[com.google.firebase:firebase-auth:23.1.0] AndroidManifest.xml:35:13-45:29
239                <action android:name="android.intent.action.VIEW" />
239-->[com.firebaseui:firebase-ui-auth:8.0.2] AndroidManifest.xml:17:13-65
239-->[com.firebaseui:firebase-ui-auth:8.0.2] AndroidManifest.xml:17:21-62
240
241                <category android:name="android.intent.category.DEFAULT" />
241-->[com.firebaseui:firebase-ui-auth:8.0.2] AndroidManifest.xml:105:17-76
241-->[com.firebaseui:firebase-ui-auth:8.0.2] AndroidManifest.xml:105:27-73
242                <category android:name="android.intent.category.BROWSABLE" />
242-->[com.firebaseui:firebase-ui-auth:8.0.2] AndroidManifest.xml:19:13-74
242-->[com.firebaseui:firebase-ui-auth:8.0.2] AndroidManifest.xml:19:23-71
243
244                <data
244-->[com.firebaseui:firebase-ui-auth:8.0.2] AndroidManifest.xml:21:13-43
245                    android:host="firebase.auth"
246                    android:path="/"
247                    android:scheme="genericidp" />
247-->[com.firebaseui:firebase-ui-auth:8.0.2] AndroidManifest.xml:21:19-40
248            </intent-filter>
249        </activity>
250        <activity
250-->[com.google.firebase:firebase-auth:23.1.0] AndroidManifest.xml:47:9-64:20
251            android:name="com.google.firebase.auth.internal.RecaptchaActivity"
251-->[com.google.firebase:firebase-auth:23.1.0] AndroidManifest.xml:48:13-79
252            android:excludeFromRecents="true"
252-->[com.google.firebase:firebase-auth:23.1.0] AndroidManifest.xml:49:13-46
253            android:exported="true"
253-->[com.google.firebase:firebase-auth:23.1.0] AndroidManifest.xml:50:13-36
254            android:launchMode="singleTask"
254-->[com.google.firebase:firebase-auth:23.1.0] AndroidManifest.xml:51:13-44
255            android:theme="@android:style/Theme.Translucent.NoTitleBar" >
255-->[com.google.firebase:firebase-auth:23.1.0] AndroidManifest.xml:52:13-72
256            <intent-filter>
256-->[com.google.firebase:firebase-auth:23.1.0] AndroidManifest.xml:53:13-63:29
257                <action android:name="android.intent.action.VIEW" />
257-->[com.firebaseui:firebase-ui-auth:8.0.2] AndroidManifest.xml:17:13-65
257-->[com.firebaseui:firebase-ui-auth:8.0.2] AndroidManifest.xml:17:21-62
258
259                <category android:name="android.intent.category.DEFAULT" />
259-->[com.firebaseui:firebase-ui-auth:8.0.2] AndroidManifest.xml:105:17-76
259-->[com.firebaseui:firebase-ui-auth:8.0.2] AndroidManifest.xml:105:27-73
260                <category android:name="android.intent.category.BROWSABLE" />
260-->[com.firebaseui:firebase-ui-auth:8.0.2] AndroidManifest.xml:19:13-74
260-->[com.firebaseui:firebase-ui-auth:8.0.2] AndroidManifest.xml:19:23-71
261
262                <data
262-->[com.firebaseui:firebase-ui-auth:8.0.2] AndroidManifest.xml:21:13-43
263                    android:host="firebase.auth"
264                    android:path="/"
265                    android:scheme="recaptcha" />
265-->[com.firebaseui:firebase-ui-auth:8.0.2] AndroidManifest.xml:21:19-40
266            </intent-filter>
267        </activity> <!-- Needs to be explicitly declared on P+ -->
268        <uses-library
268-->[com.google.android.gms:play-services-maps:19.0.0] AndroidManifest.xml:39:9-41:40
269            android:name="org.apache.http.legacy"
269-->[com.google.android.gms:play-services-maps:19.0.0] AndroidManifest.xml:40:13-50
270            android:required="false" />
270-->[com.google.android.gms:play-services-maps:19.0.0] AndroidManifest.xml:41:13-37
271
272        <service
272-->[androidx.credentials:credentials-play-services-auth:1.2.0-rc01] AndroidManifest.xml:24:9-32:19
273            android:name="androidx.credentials.playservices.CredentialProviderMetadataHolder"